e:\mycode\send\jrtprtspclient\x64\release\vc140.pdb
e:\mycode\send\jrtprtspclient\x64\release\vc140.idb
e:\mycode\send\jrtprtspclient\x64\release\rtspvideoaudioclient.obj
e:\mycode\send\jrtprtspclient\x64\release\jrtprtspclient.obj
e:\mycode\send\jrtprtspclient\x64\release\simplertspvideoclient.obj
e:\mycode\send\jrtprtspclient\x64\release\hardrtspclient.obj
e:\mycode\libonvif\jrtprtspclient\x64\release\vc140.pdb
e:\mycode\libonvif\jrtprtspclient\x64\release\vc140.idb
e:\mycode\libonvif\jrtprtspclient\x64\release\simplertspvideoclient.obj
e:\mycode\libonvif\jrtprtspclient\x64\release\rtspvideoaudioclient.obj
e:\mycode\libonvif\jrtprtspclient\x64\release\hardrtspclient.obj
e:\mycode\libonvif\jrtprtspclient\x64\release\jrtprtspclient.obj
e:\mycode\send\libonvif\x64\release\jrtprtspclient.exe
e:\mycode\send\libonvif\x64\release\jrtprtspclient.pdb
e:\mycode\libonvif\libonvif\x64\release\jrtprtspclient.pdb
e:\mycode\libonvif\libonvif\x64\release\jrtprtspclient.exe
e:\mycode\libonvif\jrtprtspclient\x64\release\jrtprtspclient.tlog\cl.command.1.tlog
e:\mycode\libonvif\jrtprtspclient\x64\release\jrtprtspclient.tlog\cl.read.1.tlog
e:\mycode\libonvif\jrtprtspclient\x64\release\jrtprtspclient.tlog\cl.write.1.tlog
e:\mycode\libonvif\jrtprtspclient\x64\release\jrtprtspclient.tlog\link.command.1.tlog
e:\mycode\libonvif\jrtprtspclient\x64\release\jrtprtspclient.tlog\link.read.1.tlog
e:\mycode\libonvif\jrtprtspclient\x64\release\jrtprtspclient.tlog\link.write.1.tlog
