e:\mycode\send\libonvif\x64\release\libjrtprtspclient.bsc
e:\mycode\libonvif\libonvif\x64\release\libjrtprtspclient.bsc
e:\mycode\send\libonvif\libjrtprtspclient\x64\release\libjrtprtspclient.pdb
e:\mycode\send\libonvif\libjrtprtspclient\x64\release\libjrtprtspclient.idb
e:\mycode\send\libonvif\libjrtprtspclient\x64\release\base64.sbr
e:\mycode\send\libonvif\libjrtprtspclient\x64\release\md5.sbr
e:\mycode\send\libonvif\libjrtprtspclient\x64\release\mediasession.sbr
e:\mycode\send\libonvif\libjrtprtspclient\x64\release\mpeg_types.sbr
e:\mycode\send\libonvif\libjrtprtspclient\x64\release\myregex.sbr
e:\mycode\send\libonvif\libjrtprtspclient\x64\release\myrtpsession.sbr
e:\mycode\send\libonvif\libjrtprtspclient\x64\release\nalu_types_h264.sbr
e:\mycode\send\libonvif\libjrtprtspclient\x64\release\nalu_types_h265.sbr
e:\mycode\send\libonvif\libjrtprtspclient\x64\release\pcmu_types.sbr
e:\mycode\send\libonvif\libjrtprtspclient\x64\release\rtspclient.sbr
e:\mycode\send\libonvif\libjrtprtspclient\x64\release\strdup.sbr
e:\mycode\send\libonvif\libjrtprtspclient\x64\release\utils.sbr
e:\mycode\send\libonvif\libjrtprtspclient\x64\release\utils.obj
e:\mycode\send\libonvif\libjrtprtspclient\x64\release\strdup.obj
e:\mycode\send\libonvif\libjrtprtspclient\x64\release\rtspclient.obj
e:\mycode\send\libonvif\libjrtprtspclient\x64\release\pcmu_types.obj
e:\mycode\send\libonvif\libjrtprtspclient\x64\release\nalu_types_h265.obj
e:\mycode\send\libonvif\libjrtprtspclient\x64\release\nalu_types_h264.obj
e:\mycode\send\libonvif\libjrtprtspclient\x64\release\myrtpsession.obj
e:\mycode\send\libonvif\libjrtprtspclient\x64\release\myregex.obj
e:\mycode\send\libonvif\libjrtprtspclient\x64\release\mpeg_types.obj
e:\mycode\send\libonvif\libjrtprtspclient\x64\release\mediasession.obj
e:\mycode\send\libonvif\libjrtprtspclient\x64\release\md5.obj
e:\mycode\send\libonvif\libjrtprtspclient\x64\release\base64.obj
e:\mycode\libonvif\libonvif\libjrtprtspclient\x64\release\libjrtprtspclient.pdb
e:\mycode\libonvif\libonvif\libjrtprtspclient\x64\release\libjrtprtspclient.idb
e:\mycode\libonvif\libonvif\libjrtprtspclient\x64\release\base64.sbr
e:\mycode\libonvif\libonvif\libjrtprtspclient\x64\release\md5.sbr
e:\mycode\libonvif\libonvif\libjrtprtspclient\x64\release\mediasession.sbr
e:\mycode\libonvif\libonvif\libjrtprtspclient\x64\release\mpeg_types.sbr
e:\mycode\libonvif\libonvif\libjrtprtspclient\x64\release\myregex.sbr
e:\mycode\libonvif\libonvif\libjrtprtspclient\x64\release\myrtpsession.sbr
e:\mycode\libonvif\libonvif\libjrtprtspclient\x64\release\nalu_types_h264.sbr
e:\mycode\libonvif\libonvif\libjrtprtspclient\x64\release\nalu_types_h265.sbr
e:\mycode\libonvif\libonvif\libjrtprtspclient\x64\release\pcmu_types.sbr
e:\mycode\libonvif\libonvif\libjrtprtspclient\x64\release\rtspclient.sbr
e:\mycode\libonvif\libonvif\libjrtprtspclient\x64\release\strdup.sbr
e:\mycode\libonvif\libonvif\libjrtprtspclient\x64\release\utils.sbr
e:\mycode\libonvif\libonvif\libjrtprtspclient\x64\release\strdup.obj
e:\mycode\libonvif\libonvif\libjrtprtspclient\x64\release\pcmu_types.obj
e:\mycode\libonvif\libonvif\libjrtprtspclient\x64\release\nalu_types_h264.obj
e:\mycode\libonvif\libonvif\libjrtprtspclient\x64\release\myregex.obj
e:\mycode\libonvif\libonvif\libjrtprtspclient\x64\release\mpeg_types.obj
e:\mycode\libonvif\libonvif\libjrtprtspclient\x64\release\md5.obj
e:\mycode\libonvif\libonvif\libjrtprtspclient\x64\release\base64.obj
e:\mycode\libonvif\libonvif\libjrtprtspclient\x64\release\utils.obj
e:\mycode\libonvif\libonvif\libjrtprtspclient\x64\release\rtspclient.obj
e:\mycode\libonvif\libonvif\libjrtprtspclient\x64\release\nalu_types_h265.obj
e:\mycode\libonvif\libonvif\libjrtprtspclient\x64\release\myrtpsession.obj
e:\mycode\libonvif\libonvif\libjrtprtspclient\x64\release\mediasession.obj
e:\mycode\send\libonvif\x64\release\libjrtprtspclient.lib
e:\mycode\libonvif\libonvif\x64\release\libjrtprtspclient.lib
e:\mycode\libonvif\libonvif\libjrtprtspclient\x64\release\libjrtpr.1f756023.tlog\bscmake.command.1.tlog
e:\mycode\libonvif\libonvif\libjrtprtspclient\x64\release\libjrtpr.1f756023.tlog\bscmake.read.1.tlog
e:\mycode\libonvif\libonvif\libjrtprtspclient\x64\release\libjrtpr.1f756023.tlog\bscmake.write.1.tlog
e:\mycode\libonvif\libonvif\libjrtprtspclient\x64\release\libjrtpr.1f756023.tlog\cl.command.1.tlog
e:\mycode\libonvif\libonvif\libjrtprtspclient\x64\release\libjrtpr.1f756023.tlog\cl.read.1.tlog
e:\mycode\libonvif\libonvif\libjrtprtspclient\x64\release\libjrtpr.1f756023.tlog\cl.write.1.tlog
e:\mycode\libonvif\libonvif\libjrtprtspclient\x64\release\libjrtpr.1f756023.tlog\lib-link.read.1.tlog
e:\mycode\libonvif\libonvif\libjrtprtspclient\x64\release\libjrtpr.1f756023.tlog\lib-link.write.1.tlog
e:\mycode\libonvif\libonvif\libjrtprtspclient\x64\release\libjrtpr.1f756023.tlog\lib.command.1.tlog
