e:\mycode\send\libonvif\x64\release\vc140.pdb
e:\mycode\send\libonvif\x64\release\vc140.idb
e:\mycode\send\libonvif\x64\release\wsseapi.obj
e:\mycode\send\libonvif\x64\release\wsaapi.obj
e:\mycode\send\libonvif\x64\release\threads.obj
e:\mycode\send\libonvif\x64\release\stdsoap2.obj
e:\mycode\send\libonvif\x64\release\soapclient.obj
e:\mycode\send\libonvif\x64\release\soapc.obj
e:\mycode\send\libonvif\x64\release\smdevp.obj
e:\mycode\send\libonvif\x64\release\onvif_dump.obj
e:\mycode\send\libonvif\x64\release\onvif_comm.obj
e:\mycode\send\libonvif\x64\release\mecevp.obj
e:\mycode\send\libonvif\x64\release\duration.obj
e:\mycode\send\libonvif\x64\release\dom.obj
e:\mycode\send\libonvif\x64\release\onvif_interface.obj
e:\mycode\send\libonvif\x64\release\libonvif.lib
e:\mycode\send\libonvif\x64\release\libonvif.exp
e:\mycode\send\libonvif\x64\release\libonvif.dll
e:\mycode\send\libonvif\x64\release\libonvif.pdb
e:\mycode\libonvif\libonvif\x64\release\dom.obj
e:\mycode\libonvif\libonvif\x64\release\duration.obj
e:\mycode\libonvif\libonvif\x64\release\mecevp.obj
e:\mycode\libonvif\libonvif\x64\release\onvif_comm.obj
e:\mycode\libonvif\libonvif\x64\release\onvif_dump.obj
e:\mycode\libonvif\libonvif\x64\release\onvif_interface.obj
e:\mycode\libonvif\libonvif\x64\release\smdevp.obj
e:\mycode\libonvif\libonvif\x64\release\soapc.obj
e:\mycode\libonvif\libonvif\x64\release\soapclient.obj
e:\mycode\libonvif\libonvif\x64\release\stdsoap2.obj
e:\mycode\libonvif\libonvif\x64\release\threads.obj
e:\mycode\libonvif\libonvif\x64\release\wsaapi.obj
e:\mycode\libonvif\libonvif\x64\release\wsseapi.obj
e:\mycode\libonvif\libonvif\x64\release\jrtprtspclient.ipdb
e:\mycode\libonvif\libonvif\x64\release\pipmanager.ipdb
e:\mycode\libonvif\libonvif\x64\release\rtspclient.ipdb
e:\mycode\libonvif\libonvif\x64\release\rtspserver.ipdb
e:\mycode\libonvif\libonvif\x64\release\testonvif.ipdb
e:\mycode\libonvif\libonvif\x64\release\jrtprtspclient.iobj
e:\mycode\libonvif\libonvif\x64\release\pipmanager.iobj
e:\mycode\libonvif\libonvif\x64\release\rtspclient.iobj
e:\mycode\libonvif\libonvif\x64\release\rtspserver.iobj
e:\mycode\libonvif\libonvif\x64\release\testonvif.iobj
e:\mycode\libonvif\libonvif\x64\release\libonvif.exp
e:\mycode\libonvif\libonvif\x64\release\vc140.idb
e:\mycode\libonvif\libonvif\x64\release\libonvif.pdb
e:\mycode\libonvif\libonvif\x64\release\vc140.pdb
e:\mycode\libonvif\libonvif\x64\release\libonvif.dll
e:\mycode\libonvif\libonvif\x64\release\libonvif.tlog\cl.command.1.tlog
e:\mycode\libonvif\libonvif\x64\release\libonvif.tlog\cl.read.1.tlog
e:\mycode\libonvif\libonvif\x64\release\libonvif.tlog\cl.write.1.tlog
e:\mycode\libonvif\libonvif\x64\release\libonvif.tlog\libonvif.write.1u.tlog
e:\mycode\libonvif\libonvif\x64\release\libonvif.tlog\link.command.1.tlog
e:\mycode\libonvif\libonvif\x64\release\libonvif.tlog\link.read.1.tlog
e:\mycode\libonvif\libonvif\x64\release\libonvif.tlog\link.write.1.tlog
